<?xml version="1.0" encoding="UTF-8"?>
<!-- Generated by org.testng.reporters.JUnitReportReporter -->
<testsuite skipped="0" hostname="WL311273" name="com.tieto.test.LoginTest" tests="4" failures="0" timestamp="2020-07-03T15:00:30 IST" time="60.806" errors="0">
  <testcase name="validCredentialTest" time="14.506" classname="com.tieto.test.LoginTest"/>
  <system-out>
OpenEMR  </system-out>
  <testcase name="validCredentialTest" time="15.937" classname="com.tieto.test.LoginTest"/>
  <system-out>
OpenEMR  </system-out>
  <testcase name="validCredentialTest" time="16.193" classname="com.tieto.test.LoginTest"/>
  <system-out>
OpenEMR  </system-out>
  <testcase name="validCredentialTest" time="14.170" classname="com.tieto.test.LoginTest"/>
  <system-out>
OpenEMR  </system-out>
</testsuite> <!-- com.tieto.test.LoginTest -->
