<?xml version="1.0" encoding="UTF-8"?>
<!-- Generated by org.testng.reporters.JUnitReportReporter -->
<testsuite skipped="0" hostname="WL311273" name="com.tieto.test.DemoTest" tests="1" failures="0" timestamp="2020-07-03T15:34:19 IST" time="0.021" errors="0">
  <testcase name="readProperties" time="0.021" classname="com.tieto.test.DemoTest"/>
  <system-out/>
</testsuite> <!-- com.tieto.test.DemoTest -->
