<?xml version="1.0" encoding="UTF-8"?>
<!-- Generated by org.testng.reporters.JUnitReportReporter -->
<testsuite skipped="0" hostname="WL311273" name="com.tieto.test.AddPatientTest" tests="1" failures="0" timestamp="2020-07-03T16:51:32 IST" time="15.107" errors="0">
  <testcase name="createPatientTest" time="15.107" classname="com.tieto.test.AddPatientTest"/>
  <system-out/>
</testsuite> <!-- com.tieto.test.AddPatientTest -->
