<?xml version="1.0" encoding="UTF-8"?>
<!-- Generated by org.testng.reporters.JUnitReportReporter -->
<testsuite skipped="0" hostname="WL311273" name="com.tieto.test.LoginTest" tests="6" failures="0" timestamp="2020-07-03T16:51:32 IST" time="76.171" errors="0">
  <testcase name="validCredentialTest" time="13.899" classname="com.tieto.test.LoginTest"/>
  <system-out>
OpenEMR  </system-out>
  <testcase name="validCredentialTest" time="13.742" classname="com.tieto.test.LoginTest"/>
  <system-out>
OpenEMR  </system-out>
  <testcase name="validCredentialTest" time="13.302" classname="com.tieto.test.LoginTest"/>
  <system-out>
OpenEMR  </system-out>
  <testcase name="validCredentialTest" time="12.716" classname="com.tieto.test.LoginTest"/>
  <system-out>
OpenEMR  </system-out>
  <testcase name="invalidCredentialTest" time="9.908" classname="com.tieto.test.LoginTest"/>
  <system-out/>
  <testcase name="invalidCredentialTest" time="12.604" classname="com.tieto.test.LoginTest"/>
  <system-out/>
</testsuite> <!-- com.tieto.test.LoginTest -->
